<?xml version="1.0" encoding="UTF-8"?>
<testsuite xmlns:xsi="http://www.w3.org/2001/XMLSchema-instance" xsi:noNamespaceSchemaLocation="https://maven.apache.org/surefire/maven-surefire-plugin/xsd/surefire-test-report-3.0.xsd" version="3.0" name="com.govtech.proj.GitHubStatusTrackerApplicationTests" time="2.366" tests="1" errors="0" skipped="0" failures="0">
  <properties>
    <property name="java.specification.version" value="20"/>
    <property name="sun.jnu.encoding" value="UTF-8"/>
    <property name="java.class.path" value="/Users/yungkooi/Downloads/github-status-tracker/target/test-classes:/Users/yungkooi/Downloads/github-status-tracker/target/classes:/Users/yungkooi/.m2/repository/org/springframework/boot/spring-boot-starter-data-jpa/3.1.8/spring-boot-starter-data-jpa-3.1.8.jar:/Users/yungkooi/.m2/repository/org/springframework/boot/spring-boot-starter-aop/3.1.8/spring-boot-starter-aop-3.1.8.jar:/Users/yungkooi/.m2/repository/org/springframework/spring-aop/6.0.16/spring-aop-6.0.16.jar:/Users/yungkooi/.m2/repository/org/aspectj/aspectjweaver/1.9.21/aspectjweaver-1.9.21.jar:/Users/yungkooi/.m2/repository/org/springframework/boot/spring-boot-starter-jdbc/3.1.8/spring-boot-starter-jdbc-3.1.8.jar:/Users/yungkooi/.m2/repository/com/zaxxer/HikariCP/5.0.1/HikariCP-5.0.1.jar:/Users/yungkooi/.m2/repository/org/springframework/spring-jdbc/6.0.16/spring-jdbc-6.0.16.jar:/Users/yungkooi/.m2/repository/org/hibernate/orm/hibernate-core/6.2.20.Final/hibernate-core-6.2.20.Final.jar:/Users/yungkooi/.m2/repository/jakarta/persistence/jakarta.persistence-api/3.1.0/jakarta.persistence-api-3.1.0.jar:/Users/yungkooi/.m2/repository/jakarta/transaction/jakarta.transaction-api/2.0.1/jakarta.transaction-api-2.0.1.jar:/Users/yungkooi/.m2/repository/org/jboss/logging/jboss-logging/3.5.3.Final/jboss-logging-3.5.3.Final.jar:/Users/yungkooi/.m2/repository/org/hibernate/common/hibernate-commons-annotations/6.0.6.Final/hibernate-commons-annotations-6.0.6.Final.jar:/Users/yungkooi/.m2/repository/io/smallrye/jandex/3.0.5/jandex-3.0.5.jar:/Users/yungkooi/.m2/repository/com/fasterxml/classmate/1.5.1/classmate-1.5.1.jar:/Users/yungkooi/.m2/repository/net/bytebuddy/byte-buddy/1.14.11/byte-buddy-1.14.11.jar:/Users/yungkooi/.m2/repository/org/glassfish/jaxb/jaxb-runtime/4.0.4/jaxb-runtime-4.0.4.jar:/Users/yungkooi/.m2/repository/org/glassfish/jaxb/jaxb-core/4.0.4/jaxb-core-4.0.4.jar:/Users/yungkooi/.m2/repository/org/eclipse/angus/angus-activation/2.0.1/angus-activation-2.0.1.jar:/Users/yungkooi/.m2/repository/org/glassfish/jaxb/txw2/4.0.4/txw2-4.0.4.jar:/Users/yungkooi/.m2/repository/com/sun/istack/istack-commons-runtime/4.1.2/istack-commons-runtime-4.1.2.jar:/Users/yungkooi/.m2/repository/jakarta/inject/jakarta.inject-api/2.0.1/jakarta.inject-api-2.0.1.jar:/Users/yungkooi/.m2/repository/org/antlr/antlr4-runtime/4.10.1/antlr4-runtime-4.10.1.jar:/Users/yungkooi/.m2/repository/org/springframework/data/spring-data-jpa/3.1.8/spring-data-jpa-3.1.8.jar:/Users/yungkooi/.m2/repository/org/springframework/data/spring-data-commons/3.1.8/spring-data-commons-3.1.8.jar:/Users/yungkooi/.m2/repository/org/springframework/spring-orm/6.0.16/spring-orm-6.0.16.jar:/Users/yungkooi/.m2/repository/org/springframework/spring-context/6.0.16/spring-context-6.0.16.jar:/Users/yungkooi/.m2/repository/org/springframework/spring-tx/6.0.16/spring-tx-6.0.16.jar:/Users/yungkooi/.m2/repository/org/springframework/spring-beans/6.0.16/spring-beans-6.0.16.jar:/Users/yungkooi/.m2/repository/jakarta/annotation/jakarta.annotation-api/2.1.1/jakarta.annotation-api-2.1.1.jar:/Users/yungkooi/.m2/repository/org/slf4j/slf4j-api/2.0.11/slf4j-api-2.0.11.jar:/Users/yungkooi/.m2/repository/org/springframework/spring-aspects/6.0.16/spring-aspects-6.0.16.jar:/Users/yungkooi/.m2/repository/org/springframework/boot/spring-boot-starter-web/3.1.8/spring-boot-starter-web-3.1.8.jar:/Users/yungkooi/.m2/repository/org/springframework/boot/spring-boot-starter/3.1.8/spring-boot-starter-3.1.8.jar:/Users/yungkooi/.m2/repository/org/springframework/boot/spring-boot/3.1.8/spring-boot-3.1.8.jar:/Users/yungkooi/.m2/repository/org/springframework/boot/spring-boot-autoconfigure/3.1.8/spring-boot-autoconfigure-3.1.8.jar:/Users/yungkooi/.m2/repository/org/springframework/boot/spring-boot-starter-logging/3.1.8/spring-boot-starter-logging-3.1.8.jar:/Users/yungkooi/.m2/repository/ch/qos/logback/logback-classic/1.4.14/logback-classic-1.4.14.jar:/Users/yungkooi/.m2/repository/ch/qos/logback/logback-core/1.4.14/logback-core-1.4.14.jar:/Users/yungkooi/.m2/repository/org/apache/logging/log4j/log4j-to-slf4j/2.20.0/log4j-to-slf4j-2.20.0.jar:/Users/yungkooi/.m2/repository/org/apache/logging/log4j/log4j-api/2.20.0/log4j-api-2.20.0.jar:/Users/yungkooi/.m2/repository/org/slf4j/jul-to-slf4j/2.0.11/jul-to-slf4j-2.0.11.jar:/Users/yungkooi/.m2/repository/org/yaml/snakeyaml/1.33/snakeyaml-1.33.jar:/Users/yungkooi/.m2/repository/org/springframework/boot/spring-boot-starter-json/3.1.8/spring-boot-starter-json-3.1.8.jar:/Users/yungkooi/.m2/repository/com/fasterxml/jackson/core/jackson-databind/2.15.3/jackson-databind-2.15.3.jar:/Users/yungkooi/.m2/repository/com/fasterxml/jackson/core/jackson-annotations/2.15.3/jackson-annotations-2.15.3.jar:/Users/yungkooi/.m2/repository/com/fasterxml/jackson/core/jackson-core/2.15.3/jackson-core-2.15.3.jar:/Users/yungkooi/.m2/repository/com/fasterxml/jackson/datatype/jackson-datatype-jdk8/2.15.3/jackson-datatype-jdk8-2.15.3.jar:/Users/yungkooi/.m2/repository/com/fasterxml/jackson/datatype/jackson-datatype-jsr310/2.15.3/jackson-datatype-jsr310-2.15.3.jar:/Users/yungkooi/.m2/repository/com/fasterxml/jackson/module/jackson-module-parameter-names/2.15.3/jackson-module-parameter-names-2.15.3.jar:/Users/yungkooi/.m2/repository/org/springframework/boot/spring-boot-starter-tomcat/3.1.8/spring-boot-starter-tomcat-3.1.8.jar:/Users/yungkooi/.m2/repository/org/apache/tomcat/embed/tomcat-embed-core/10.1.18/tomcat-embed-core-10.1.18.jar:/Users/yungkooi/.m2/repository/org/apache/tomcat/embed/tomcat-embed-el/10.1.18/tomcat-embed-el-10.1.18.jar:/Users/yungkooi/.m2/repository/org/apache/tomcat/embed/tomcat-embed-websocket/10.1.18/tomcat-embed-websocket-10.1.18.jar:/Users/yungkooi/.m2/repository/org/springframework/spring-web/6.0.16/spring-web-6.0.16.jar:/Users/yungkooi/.m2/repository/io/micrometer/micrometer-observation/1.11.8/micrometer-observation-1.11.8.jar:/Users/yungkooi/.m2/repository/io/micrometer/micrometer-commons/1.11.8/micrometer-commons-1.11.8.jar:/Users/yungkooi/.m2/repository/org/springframework/spring-webmvc/6.0.16/spring-webmvc-6.0.16.jar:/Users/yungkooi/.m2/repository/org/springframework/spring-expression/6.0.16/spring-expression-6.0.16.jar:/Users/yungkooi/.m2/repository/com/h2database/h2/2.1.214/h2-2.1.214.jar:/Users/yungkooi/.m2/repository/org/springframework/boot/spring-boot-starter-test/3.1.8/spring-boot-starter-test-3.1.8.jar:/Users/yungkooi/.m2/repository/org/springframework/boot/spring-boot-test/3.1.8/spring-boot-test-3.1.8.jar:/Users/yungkooi/.m2/repository/org/springframework/boot/spring-boot-test-autoconfigure/3.1.8/spring-boot-test-autoconfigure-3.1.8.jar:/Users/yungkooi/.m2/repository/com/jayway/jsonpath/json-path/2.8.0/json-path-2.8.0.jar:/Users/yungkooi/.m2/repository/jakarta/xml/bind/jakarta.xml.bind-api/4.0.1/jakarta.xml.bind-api-4.0.1.jar:/Users/yungkooi/.m2/repository/jakarta/activation/jakarta.activation-api/2.1.2/jakarta.activation-api-2.1.2.jar:/Users/yungkooi/.m2/repository/net/minidev/json-smart/2.4.11/json-smart-2.4.11.jar:/Users/yungkooi/.m2/repository/net/minidev/accessors-smart/2.4.11/accessors-smart-2.4.11.jar:/Users/yungkooi/.m2/repository/org/ow2/asm/asm/9.3/asm-9.3.jar:/Users/yungkooi/.m2/repository/org/assertj/assertj-core/3.24.2/assertj-core-3.24.2.jar:/Users/yungkooi/.m2/repository/org/hamcrest/hamcrest/2.2/hamcrest-2.2.jar:/Users/yungkooi/.m2/repository/org/junit/jupiter/junit-jupiter/5.9.3/junit-jupiter-5.9.3.jar:/Users/yungkooi/.m2/repository/org/junit/jupiter/junit-jupiter-api/5.9.3/junit-jupiter-api-5.9.3.jar:/Users/yungkooi/.m2/repository/org/opentest4j/opentest4j/1.2.0/opentest4j-1.2.0.jar:/Users/yungkooi/.m2/repository/org/junit/platform/junit-platform-commons/1.9.3/junit-platform-commons-1.9.3.jar:/Users/yungkooi/.m2/repository/org/apiguardian/apiguardian-api/1.1.2/apiguardian-api-1.1.2.jar:/Users/yungkooi/.m2/repository/org/junit/jupiter/junit-jupiter-params/5.9.3/junit-jupiter-params-5.9.3.jar:/Users/yungkooi/.m2/repository/org/junit/jupiter/junit-jupiter-engine/5.9.3/junit-jupiter-engine-5.9.3.jar:/Users/yungkooi/.m2/repository/org/junit/platform/junit-platform-engine/1.9.3/junit-platform-engine-1.9.3.jar:/Users/yungkooi/.m2/repository/org/mockito/mockito-core/5.3.1/mockito-core-5.3.1.jar:/Users/yungkooi/.m2/repository/net/bytebuddy/byte-buddy-agent/1.14.11/byte-buddy-agent-1.14.11.jar:/Users/yungkooi/.m2/repository/org/objenesis/objenesis/3.3/objenesis-3.3.jar:/Users/yungkooi/.m2/repository/org/mockito/mockito-junit-jupiter/5.3.1/mockito-junit-jupiter-5.3.1.jar:/Users/yungkooi/.m2/repository/org/skyscreamer/jsonassert/1.5.1/jsonassert-1.5.1.jar:/Users/yungkooi/.m2/repository/com/vaadin/external/google/android-json/0.0.20131108.vaadin1/android-json-0.0.20131108.vaadin1.jar:/Users/yungkooi/.m2/repository/org/springframework/spring-core/6.0.16/spring-core-6.0.16.jar:/Users/yungkooi/.m2/repository/org/springframework/spring-jcl/6.0.16/spring-jcl-6.0.16.jar:/Users/yungkooi/.m2/repository/org/springframework/spring-test/6.0.16/spring-test-6.0.16.jar:/Users/yungkooi/.m2/repository/org/xmlunit/xmlunit-core/2.9.1/xmlunit-core-2.9.1.jar:/Users/yungkooi/.m2/repository/org/json/json/20231013/json-20231013.jar:/Users/yungkooi/.m2/repository/org/projectlombok/lombok/1.18.30/lombok-1.18.30.jar:"/>
    <property name="java.vm.vendor" value="Homebrew"/>
    <property name="sun.arch.data.model" value="64"/>
    <property name="java.vendor.url" value="https://github.com/Homebrew/homebrew-core/issues"/>
    <property name="user.timezone" value="Asia/Singapore"/>
    <property name="org.jboss.logging.provider" value="slf4j"/>
    <property name="os.name" value="Mac OS X"/>
    <property name="java.vm.specification.version" value="20"/>
    <property name="sun.java.launcher" value="SUN_STANDARD"/>
    <property name="user.country" value="SG"/>
    <property name="sun.boot.library.path" value="/opt/homebrew/Cellar/openjdk/20.0.1/libexec/openjdk.jdk/Contents/Home/lib"/>
    <property name="sun.java.command" value="/Users/yungkooi/Downloads/github-status-tracker/target/surefire/surefirebooter-20240213170632288_3.jar /Users/yungkooi/Downloads/github-status-tracker/target/surefire 2024-02-13T17-06-32_169-jvmRun1 surefire-20240213170632288_1tmp surefire_0-20240213170632288_2tmp"/>
    <property name="jdk.debug" value="release"/>
    <property name="surefire.test.class.path" value="/Users/yungkooi/Downloads/github-status-tracker/target/test-classes:/Users/yungkooi/Downloads/github-status-tracker/target/classes:/Users/yungkooi/.m2/repository/org/springframework/boot/spring-boot-starter-data-jpa/3.1.8/spring-boot-starter-data-jpa-3.1.8.jar:/Users/yungkooi/.m2/repository/org/springframework/boot/spring-boot-starter-aop/3.1.8/spring-boot-starter-aop-3.1.8.jar:/Users/yungkooi/.m2/repository/org/springframework/spring-aop/6.0.16/spring-aop-6.0.16.jar:/Users/yungkooi/.m2/repository/org/aspectj/aspectjweaver/1.9.21/aspectjweaver-1.9.21.jar:/Users/yungkooi/.m2/repository/org/springframework/boot/spring-boot-starter-jdbc/3.1.8/spring-boot-starter-jdbc-3.1.8.jar:/Users/yungkooi/.m2/repository/com/zaxxer/HikariCP/5.0.1/HikariCP-5.0.1.jar:/Users/yungkooi/.m2/repository/org/springframework/spring-jdbc/6.0.16/spring-jdbc-6.0.16.jar:/Users/yungkooi/.m2/repository/org/hibernate/orm/hibernate-core/6.2.20.Final/hibernate-core-6.2.20.Final.jar:/Users/yungkooi/.m2/repository/jakarta/persistence/jakarta.persistence-api/3.1.0/jakarta.persistence-api-3.1.0.jar:/Users/yungkooi/.m2/repository/jakarta/transaction/jakarta.transaction-api/2.0.1/jakarta.transaction-api-2.0.1.jar:/Users/yungkooi/.m2/repository/org/jboss/logging/jboss-logging/3.5.3.Final/jboss-logging-3.5.3.Final.jar:/Users/yungkooi/.m2/repository/org/hibernate/common/hibernate-commons-annotations/6.0.6.Final/hibernate-commons-annotations-6.0.6.Final.jar:/Users/yungkooi/.m2/repository/io/smallrye/jandex/3.0.5/jandex-3.0.5.jar:/Users/yungkooi/.m2/repository/com/fasterxml/classmate/1.5.1/classmate-1.5.1.jar:/Users/yungkooi/.m2/repository/net/bytebuddy/byte-buddy/1.14.11/byte-buddy-1.14.11.jar:/Users/yungkooi/.m2/repository/org/glassfish/jaxb/jaxb-runtime/4.0.4/jaxb-runtime-4.0.4.jar:/Users/yungkooi/.m2/repository/org/glassfish/jaxb/jaxb-core/4.0.4/jaxb-core-4.0.4.jar:/Users/yungkooi/.m2/repository/org/eclipse/angus/angus-activation/2.0.1/angus-activation-2.0.1.jar:/Users/yungkooi/.m2/repository/org/glassfish/jaxb/txw2/4.0.4/txw2-4.0.4.jar:/Users/yungkooi/.m2/repository/com/sun/istack/istack-commons-runtime/4.1.2/istack-commons-runtime-4.1.2.jar:/Users/yungkooi/.m2/repository/jakarta/inject/jakarta.inject-api/2.0.1/jakarta.inject-api-2.0.1.jar:/Users/yungkooi/.m2/repository/org/antlr/antlr4-runtime/4.10.1/antlr4-runtime-4.10.1.jar:/Users/yungkooi/.m2/repository/org/springframework/data/spring-data-jpa/3.1.8/spring-data-jpa-3.1.8.jar:/Users/yungkooi/.m2/repository/org/springframework/data/spring-data-commons/3.1.8/spring-data-commons-3.1.8.jar:/Users/yungkooi/.m2/repository/org/springframework/spring-orm/6.0.16/spring-orm-6.0.16.jar:/Users/yungkooi/.m2/repository/org/springframework/spring-context/6.0.16/spring-context-6.0.16.jar:/Users/yungkooi/.m2/repository/org/springframework/spring-tx/6.0.16/spring-tx-6.0.16.jar:/Users/yungkooi/.m2/repository/org/springframework/spring-beans/6.0.16/spring-beans-6.0.16.jar:/Users/yungkooi/.m2/repository/jakarta/annotation/jakarta.annotation-api/2.1.1/jakarta.annotation-api-2.1.1.jar:/Users/yungkooi/.m2/repository/org/slf4j/slf4j-api/2.0.11/slf4j-api-2.0.11.jar:/Users/yungkooi/.m2/repository/org/springframework/spring-aspects/6.0.16/spring-aspects-6.0.16.jar:/Users/yungkooi/.m2/repository/org/springframework/boot/spring-boot-starter-web/3.1.8/spring-boot-starter-web-3.1.8.jar:/Users/yungkooi/.m2/repository/org/springframework/boot/spring-boot-starter/3.1.8/spring-boot-starter-3.1.8.jar:/Users/yungkooi/.m2/repository/org/springframework/boot/spring-boot/3.1.8/spring-boot-3.1.8.jar:/Users/yungkooi/.m2/repository/org/springframework/boot/spring-boot-autoconfigure/3.1.8/spring-boot-autoconfigure-3.1.8.jar:/Users/yungkooi/.m2/repository/org/springframework/boot/spring-boot-starter-logging/3.1.8/spring-boot-starter-logging-3.1.8.jar:/Users/yungkooi/.m2/repository/ch/qos/logback/logback-classic/1.4.14/logback-classic-1.4.14.jar:/Users/yungkooi/.m2/repository/ch/qos/logback/logback-core/1.4.14/logback-core-1.4.14.jar:/Users/yungkooi/.m2/repository/org/apache/logging/log4j/log4j-to-slf4j/2.20.0/log4j-to-slf4j-2.20.0.jar:/Users/yungkooi/.m2/repository/org/apache/logging/log4j/log4j-api/2.20.0/log4j-api-2.20.0.jar:/Users/yungkooi/.m2/repository/org/slf4j/jul-to-slf4j/2.0.11/jul-to-slf4j-2.0.11.jar:/Users/yungkooi/.m2/repository/org/yaml/snakeyaml/1.33/snakeyaml-1.33.jar:/Users/yungkooi/.m2/repository/org/springframework/boot/spring-boot-starter-json/3.1.8/spring-boot-starter-json-3.1.8.jar:/Users/yungkooi/.m2/repository/com/fasterxml/jackson/core/jackson-databind/2.15.3/jackson-databind-2.15.3.jar:/Users/yungkooi/.m2/repository/com/fasterxml/jackson/core/jackson-annotations/2.15.3/jackson-annotations-2.15.3.jar:/Users/yungkooi/.m2/repository/com/fasterxml/jackson/core/jackson-core/2.15.3/jackson-core-2.15.3.jar:/Users/yungkooi/.m2/repository/com/fasterxml/jackson/datatype/jackson-datatype-jdk8/2.15.3/jackson-datatype-jdk8-2.15.3.jar:/Users/yungkooi/.m2/repository/com/fasterxml/jackson/datatype/jackson-datatype-jsr310/2.15.3/jackson-datatype-jsr310-2.15.3.jar:/Users/yungkooi/.m2/repository/com/fasterxml/jackson/module/jackson-module-parameter-names/2.15.3/jackson-module-parameter-names-2.15.3.jar:/Users/yungkooi/.m2/repository/org/springframework/boot/spring-boot-starter-tomcat/3.1.8/spring-boot-starter-tomcat-3.1.8.jar:/Users/yungkooi/.m2/repository/org/apache/tomcat/embed/tomcat-embed-core/10.1.18/tomcat-embed-core-10.1.18.jar:/Users/yungkooi/.m2/repository/org/apache/tomcat/embed/tomcat-embed-el/10.1.18/tomcat-embed-el-10.1.18.jar:/Users/yungkooi/.m2/repository/org/apache/tomcat/embed/tomcat-embed-websocket/10.1.18/tomcat-embed-websocket-10.1.18.jar:/Users/yungkooi/.m2/repository/org/springframework/spring-web/6.0.16/spring-web-6.0.16.jar:/Users/yungkooi/.m2/repository/io/micrometer/micrometer-observation/1.11.8/micrometer-observation-1.11.8.jar:/Users/yungkooi/.m2/repository/io/micrometer/micrometer-commons/1.11.8/micrometer-commons-1.11.8.jar:/Users/yungkooi/.m2/repository/org/springframework/spring-webmvc/6.0.16/spring-webmvc-6.0.16.jar:/Users/yungkooi/.m2/repository/org/springframework/spring-expression/6.0.16/spring-expression-6.0.16.jar:/Users/yungkooi/.m2/repository/com/h2database/h2/2.1.214/h2-2.1.214.jar:/Users/yungkooi/.m2/repository/org/springframework/boot/spring-boot-starter-test/3.1.8/spring-boot-starter-test-3.1.8.jar:/Users/yungkooi/.m2/repository/org/springframework/boot/spring-boot-test/3.1.8/spring-boot-test-3.1.8.jar:/Users/yungkooi/.m2/repository/org/springframework/boot/spring-boot-test-autoconfigure/3.1.8/spring-boot-test-autoconfigure-3.1.8.jar:/Users/yungkooi/.m2/repository/com/jayway/jsonpath/json-path/2.8.0/json-path-2.8.0.jar:/Users/yungkooi/.m2/repository/jakarta/xml/bind/jakarta.xml.bind-api/4.0.1/jakarta.xml.bind-api-4.0.1.jar:/Users/yungkooi/.m2/repository/jakarta/activation/jakarta.activation-api/2.1.2/jakarta.activation-api-2.1.2.jar:/Users/yungkooi/.m2/repository/net/minidev/json-smart/2.4.11/json-smart-2.4.11.jar:/Users/yungkooi/.m2/repository/net/minidev/accessors-smart/2.4.11/accessors-smart-2.4.11.jar:/Users/yungkooi/.m2/repository/org/ow2/asm/asm/9.3/asm-9.3.jar:/Users/yungkooi/.m2/repository/org/assertj/assertj-core/3.24.2/assertj-core-3.24.2.jar:/Users/yungkooi/.m2/repository/org/hamcrest/hamcrest/2.2/hamcrest-2.2.jar:/Users/yungkooi/.m2/repository/org/junit/jupiter/junit-jupiter/5.9.3/junit-jupiter-5.9.3.jar:/Users/yungkooi/.m2/repository/org/junit/jupiter/junit-jupiter-api/5.9.3/junit-jupiter-api-5.9.3.jar:/Users/yungkooi/.m2/repository/org/opentest4j/opentest4j/1.2.0/opentest4j-1.2.0.jar:/Users/yungkooi/.m2/repository/org/junit/platform/junit-platform-commons/1.9.3/junit-platform-commons-1.9.3.jar:/Users/yungkooi/.m2/repository/org/apiguardian/apiguardian-api/1.1.2/apiguardian-api-1.1.2.jar:/Users/yungkooi/.m2/repository/org/junit/jupiter/junit-jupiter-params/5.9.3/junit-jupiter-params-5.9.3.jar:/Users/yungkooi/.m2/repository/org/junit/jupiter/junit-jupiter-engine/5.9.3/junit-jupiter-engine-5.9.3.jar:/Users/yungkooi/.m2/repository/org/junit/platform/junit-platform-engine/1.9.3/junit-platform-engine-1.9.3.jar:/Users/yungkooi/.m2/repository/org/mockito/mockito-core/5.3.1/mockito-core-5.3.1.jar:/Users/yungkooi/.m2/repository/net/bytebuddy/byte-buddy-agent/1.14.11/byte-buddy-agent-1.14.11.jar:/Users/yungkooi/.m2/repository/org/objenesis/objenesis/3.3/objenesis-3.3.jar:/Users/yungkooi/.m2/repository/org/mockito/mockito-junit-jupiter/5.3.1/mockito-junit-jupiter-5.3.1.jar:/Users/yungkooi/.m2/repository/org/skyscreamer/jsonassert/1.5.1/jsonassert-1.5.1.jar:/Users/yungkooi/.m2/repository/com/vaadin/external/google/android-json/0.0.20131108.vaadin1/android-json-0.0.20131108.vaadin1.jar:/Users/yungkooi/.m2/repository/org/springframework/spring-core/6.0.16/spring-core-6.0.16.jar:/Users/yungkooi/.m2/repository/org/springframework/spring-jcl/6.0.16/spring-jcl-6.0.16.jar:/Users/yungkooi/.m2/repository/org/springframework/spring-test/6.0.16/spring-test-6.0.16.jar:/Users/yungkooi/.m2/repository/org/xmlunit/xmlunit-core/2.9.1/xmlunit-core-2.9.1.jar:/Users/yungkooi/.m2/repository/org/json/json/20231013/json-20231013.jar:/Users/yungkooi/.m2/repository/org/projectlombok/lombok/1.18.30/lombok-1.18.30.jar:"/>
    <property name="sun.cpu.endian" value="little"/>
    <property name="user.home" value="/Users/yungkooi"/>
    <property name="user.language" value="en"/>
    <property name="java.specification.vendor" value="Oracle Corporation"/>
    <property name="java.version.date" value="2023-04-18"/>
    <property name="java.home" value="/opt/homebrew/Cellar/openjdk/20.0.1/libexec/openjdk.jdk/Contents/Home"/>
    <property name="file.separator" value="/"/>
    <property name="basedir" value="/Users/yungkooi/Downloads/github-status-tracker"/>
    <property name="java.vm.compressedOopsMode" value="Zero based"/>
    <property name="line.separator" value="&#10;"/>
    <property name="java.vm.specification.vendor" value="Oracle Corporation"/>
    <property name="java.specification.name" value="Java Platform API Specification"/>
    <property name="FILE_LOG_CHARSET" value="UTF-8"/>
    <property name="java.awt.headless" value="true"/>
    <property name="apple.awt.application.name" value="ForkedBooter"/>
    <property name="surefire.real.class.path" value="/Users/yungkooi/Downloads/github-status-tracker/target/surefire/surefirebooter-20240213170632288_3.jar"/>
    <property name="sun.management.compiler" value="HotSpot 64-Bit Tiered Compilers"/>
    <property name="java.runtime.version" value="20.0.1"/>
    <property name="user.name" value="yungkooi"/>
    <property name="stdout.encoding" value="UTF-8"/>
    <property name="path.separator" value=":"/>
    <property name="os.version" value="14.3.1"/>
    <property name="java.runtime.name" value="OpenJDK Runtime Environment"/>
    <property name="file.encoding" value="UTF-8"/>
    <property name="java.vm.name" value="OpenJDK 64-Bit Server VM"/>
    <property name="java.vendor.version" value="Homebrew"/>
    <property name="localRepository" value="/Users/yungkooi/.m2/repository"/>
    <property name="java.vendor.url.bug" value="https://github.com/Homebrew/homebrew-core/issues"/>
    <property name="java.io.tmpdir" value="/var/folders/xx/3h3f7xj96h37fcy3qhs40bz40000gn/T/"/>
    <property name="com.zaxxer.hikari.pool_number" value="1"/>
    <property name="java.version" value="20.0.1"/>
    <property name="user.dir" value="/Users/yungkooi/Downloads/github-status-tracker"/>
    <property name="os.arch" value="aarch64"/>
    <property name="java.vm.specification.name" value="Java Virtual Machine Specification"/>
    <property name="PID" value="14870"/>
    <property name="CONSOLE_LOG_CHARSET" value="UTF-8"/>
    <property name="native.encoding" value="UTF-8"/>
    <property name="java.library.path" value="/Users/yungkooi/Library/Java/Extensions:/Library/Java/Extensions:/Network/Library/Java/Extensions:/System/Library/Java/Extensions:/usr/lib/java:."/>
    <property name="java.vm.info" value="mixed mode, sharing"/>
    <property name="stderr.encoding" value="UTF-8"/>
    <property name="java.vendor" value="Homebrew"/>
    <property name="java.vm.version" value="20.0.1"/>
    <property name="sun.io.unicode.encoding" value="UnicodeBig"/>
    <property name="java.class.version" value="64.0"/>
  </properties>
  <testcase name="contextLoads" classname="com.govtech.proj.GitHubStatusTrackerApplicationTests" time="0.418">
    <system-out><![CDATA[17:06:32.839 [main] INFO org.springframework.test.context.support.AnnotationConfigContextLoaderUtils -- Could not detect default configuration classes for test class [com.govtech.proj.GitHubStatusTrackerApplicationTests]: GitHubStatusTrackerApplicationTests does not declare any static, non-private, non-final, nested classes annotated with @Configuration.
17:06:32.885 [main] INFO org.springframework.boot.test.context.SpringBootTestContextBootstrapper -- Found @SpringBootConfiguration com.govtech.proj.GitHubStatusTrackerApplication for test class com.govtech.proj.GitHubStatusTrackerApplicationTests

  .   ____          _            __ _ _
 /\\ / ___'_ __ _ _(_)_ __  __ _ \ \ \ \
( ( )\___ | '_ | '_| | '_ \/ _` | \ \ \ \
 \\/  ___)| |_)| | | | | || (_| |  ) ) ) )
  '  |____| .__|_| |_|_| |_\__, | / / / /
 =========|_|==============|___/=/_/_/_/
 :: Spring Boot ::                (v3.1.8)

2024-02-13T17:06:33.053+08:00  WARN 14870 --- [           main] ory$DuplicateJsonObjectContextCustomizer : 

Found multiple occurrences of org.json.JSONObject on the class path:

	jar:file:/Users/yungkooi/.m2/repository/com/vaadin/external/google/android-json/0.0.20131108.vaadin1/android-json-0.0.20131108.vaadin1.jar!/org/json/JSONObject.class
	jar:file:/Users/yungkooi/.m2/repository/org/json/json/20231013/json-20231013.jar!/org/json/JSONObject.class

You may wish to exclude one of them to ensure predictable runtime behavior

2024-02-13T17:06:33.062+08:00  INFO 14870 --- [           main] .g.p.GitHubStatusTrackerApplicationTests : Starting GitHubStatusTrackerApplicationTests using Java 20.0.1 with PID 14870 (started by yungkooi in /Users/yungkooi/Downloads/github-status-tracker)
2024-02-13T17:06:33.062+08:00  INFO 14870 --- [           main] .g.p.GitHubStatusTrackerApplicationTests : No active profile set, falling back to 1 default profile: "default"
2024-02-13T17:06:33.345+08:00  INFO 14870 --- [           main] .s.d.r.c.RepositoryConfigurationDelegate : Bootstrapping Spring Data JPA repositories in DEFAULT mode.
2024-02-13T17:06:33.374+08:00  INFO 14870 --- [           main] .s.d.r.c.RepositoryConfigurationDelegate : Finished Spring Data repository scanning in 25 ms. Found 4 JPA repository interfaces.
2024-02-13T17:06:33.573+08:00  INFO 14870 --- [           main] com.zaxxer.hikari.HikariDataSource       : HikariPool-1 - Starting...
2024-02-13T17:06:33.687+08:00  INFO 14870 --- [           main] com.zaxxer.hikari.pool.HikariPool        : HikariPool-1 - Added connection conn0: url=jdbc:h2:mem:testdb user=SA
2024-02-13T17:06:33.687+08:00  INFO 14870 --- [           main] com.zaxxer.hikari.HikariDataSource       : HikariPool-1 - Start completed.
2024-02-13T17:06:33.710+08:00  INFO 14870 --- [           main] o.hibernate.jpa.internal.util.LogHelper  : HHH000204: Processing PersistenceUnitInfo [name: default]
2024-02-13T17:06:33.735+08:00  INFO 14870 --- [           main] org.hibernate.Version                    : HHH000412: Hibernate ORM core version 6.2.20.Final
2024-02-13T17:06:33.736+08:00  INFO 14870 --- [           main] org.hibernate.cfg.Environment            : HHH000406: Using bytecode reflection optimizer
2024-02-13T17:06:33.872+08:00  INFO 14870 --- [           main] o.s.o.j.p.SpringPersistenceUnitInfo      : No LoadTimeWeaver setup: ignoring JPA class transformer
2024-02-13T17:06:33.894+08:00  WARN 14870 --- [           main] org.hibernate.orm.deprecation            : HHH90000025: H2Dialect does not need to be specified explicitly using 'hibernate.dialect' (remove the property setting and it will be selected by default)
2024-02-13T17:06:34.259+08:00  INFO 14870 --- [           main] o.h.e.t.j.p.i.JtaPlatformInitiator       : HHH000489: No JTA platform available (set 'hibernate.transaction.jta.platform' to enable JTA platform integration)
2024-02-13T17:06:34.274+08:00  INFO 14870 --- [           main] j.LocalContainerEntityManagerFactoryBean : Initialized JPA EntityManagerFactory for persistence unit 'default'
2024-02-13T17:06:34.494+08:00  WARN 14870 --- [           main] JpaBaseConfiguration$JpaWebConfiguration : spring.jpa.open-in-view is enabled by default. Therefore, database queries may be performed during view rendering. Explicitly configure spring.jpa.open-in-view to disable this warning
2024-02-13T17:06:34.637+08:00  INFO 14870 --- [           main] o.s.b.a.h2.H2ConsoleAutoConfiguration    : H2 console available at '/h2-console'. Database available at 'jdbc:h2:mem:testdb'
2024-02-13T17:06:34.659+08:00  INFO 14870 --- [           main] .g.p.GitHubStatusTrackerApplicationTests : Started GitHubStatusTrackerApplicationTests in 1.709 seconds (process running for 2.286)
]]></system-out>
  </testcase>
</testsuite>